[Sun Feb 25 19:38:54 CST 2024] CREATED: cs 1234 test
[Sun Feb 25 20:01:16 CST 2024] CREATED: CS 3824 Systems Programming
[Sun Feb 25 21:35:31 CST 2024] CREATED: ABC 1234 test2
[Sun Feb 25 21:37:47 CST 2024] DELETED: abc 1234 TH 11/11/1111 11/11/1111
[Sun Feb 25 21:39:34 CST 2024] DELETED: abc 1234 TH 11/11/1111 11/11/1111
[Sun Feb 25 21:41:08 CST 2024] CREATED: ABC 1234 test
[Sun Feb 25 21:42:10 CST 2024] DELETED: abc 1234 TH 11/11/1111 11/11/1111
[Sun Feb 25 21:54:45 CST 2024] UPDATED: CS 3824 systems prog
[Sun Feb 25 21:57:45 CST 2024] UPDATED: CS 3824 test
[Sun Feb 25 22:00:59 CST 2024] UPDATED: CS 1234 test
[Sun Feb 25 22:01:52 CST 2024] UPDATED: CS 1234 test
[Sun Feb 25 22:03:52 CST 2024] UPDATED: CS 3824 test
[Sun Feb 25 22:05:59 CST 2024] UPDATED: CS 1234 test
[Sun Feb 25 22:07:50 CST 2024] CREATED: CS 3824 systems programming
[Sun Feb 25 22:09:01 CST 2024] UPDATED: CS 1234 this isnt that hard
[Sun Feb 25 22:12:07 CST 2024] DELETED: cs 1234 MWF 11/22/3333 44/55/7777
[Sun Feb 25 22:30:34 CST 2024] CREATED: ABC 1234 test test
[Sun Feb 25 22:46:21 CST 2024] CREATED: CS 3423 Systems Programming
[Sun Feb 25 22:48:04 CST 2024] DELETED: abc 1234 MWF 33/33/3333 44/44/4444
[Sun Feb 25 22:48:53 CST 2024] DELETED: cs 3423 TH 8/12/23 12/9/23
[Sun Feb 25 23:10:27 CST 2024] CREATED: CS 3423 Systems Programming
[Sun Feb 25 23:13:57 CST 2024] DELETED: cs 3423 TH 8/12/23 12/9/23
[Sun Feb 25 23:14:19 CST 2024] DELETED: cs 3824 MWF 11/11/1111 11/11/1111
[Sun Feb 25 23:14:36 CST 2024] CREATED: CS 3423 Systems Programming
[Mon Feb 26 18:11:22 CST 2024] UPDATED: CS 3423 Systems Programming
[Mon Feb 26 18:47:50 CST 2024] ENROLLMENT: CS 3423 Systems Programming changed by 0
[Mon Feb 26 18:48:08 CST 2024] ENROLLMENT: CS 3423 Systems Programming changed by -10
[Mon Feb 26 18:49:25 CST 2024] ENROLLMENT: CS 3423 Systems Programming changed by -20
